<?xml version="1.0" encoding="UTF-8"?>
<!-- Generated by org.testng.reporters.JUnitXMLReporter -->
<testsuite ignored="0" hostname="ITEM-S117579" failures="0" tests="3" name="Surefire test" time="10.824" errors="0" timestamp="2023-10-30T12:37:50 CET">
  <testcase classname="com.sopra.Selenium.SeleniumTest" name="login" time="3.043"/>
  <testcase classname="com.sopra.Selenium.SeleniumTest" name="test1" time="0.167"/>
  <testcase classname="com.sopra.Selenium.SeleniumTest" name="logOut" time="1.604"/>
</testsuite> <!-- Surefire test -->
