<?xml version="1.0" encoding="UTF-8"?>
<testng-results ignored="0" total="3" passed="3" failed="0" skipped="0">
  <reporter-output>
  </reporter-output>
  <suite started-at="2023-10-30T12:37:39 CET" name="Surefire suite" finished-at="2023-10-30T12:37:50 CET" duration-ms="10824">
    <groups>
    </groups>
    <test started-at="2023-10-30T12:37:39 CET" name="Surefire test" finished-at="2023-10-30T12:37:50 CET" duration-ms="10824">
      <class name="com.sopra.Selenium.SeleniumTest">
        <test-method is-config="true" signature="setUp()[pri:0, instance:com.sopra.Selenium.SeleniumTest@2aceadd4]" started-at="2023-10-30T12:37:39 CET" name="setUp" finished-at="2023-10-30T12:37:45 CET" duration-ms="5698" status="PASS">
          <reporter-output>
          </reporter-output>
        </test-method> <!-- setUp -->
        <test-method signature="login()[pri:0, instance:com.sopra.Selenium.SeleniumTest@2aceadd4]" started-at="2023-10-30T12:37:45 CET" name="login" finished-at="2023-10-30T12:37:48 CET" duration-ms="3043" status="PASS">
          <reporter-output>
          </reporter-output>
        </test-method> <!-- login -->
        <test-method signature="test1()[pri:1, instance:com.sopra.Selenium.SeleniumTest@2aceadd4]" started-at="2023-10-30T12:37:48 CET" name="test1" finished-at="2023-10-30T12:37:48 CET" duration-ms="167" status="PASS">
          <reporter-output>
          </reporter-output>
        </test-method> <!-- test1 -->
        <test-method signature="logOut()[pri:2, instance:com.sopra.Selenium.SeleniumTest@2aceadd4]" started-at="2023-10-30T12:37:48 CET" name="logOut" finished-at="2023-10-30T12:37:50 CET" duration-ms="1604" status="PASS">
          <reporter-output>
          </reporter-output>
        </test-method> <!-- logOut -->
        <test-method is-config="true" signature="shutDown()[pri:0, instance:com.sopra.Selenium.SeleniumTest@2aceadd4]" started-at="2023-10-30T12:37:50 CET" name="shutDown" finished-at="2023-10-30T12:37:50 CET" duration-ms="262" status="PASS">
          <reporter-output>
          </reporter-output>
        </test-method> <!-- shutDown -->
      </class> <!-- com.sopra.Selenium.SeleniumTest -->
    </test> <!-- Surefire test -->
  </suite> <!-- Surefire suite -->
</testng-results>
