<?xml version="1.0" encoding="UTF-8"?>
<testng-results ignored="0" total="1" passed="1" failed="0" skipped="0">
  <reporter-output>
  </reporter-output>
  <suite started-at="2023-10-30T10:32:39 CET" name="Surefire suite" finished-at="2023-10-30T10:33:04 CET" duration-ms="24360">
    <groups>
    </groups>
    <test started-at="2023-10-30T10:32:39 CET" name="Surefire test" finished-at="2023-10-30T10:33:04 CET" duration-ms="24360">
      <class name="com.sopra.Selenium.SeleniumTest">
        <test-method is-config="true" signature="setUp()[pri:0, instance:com.sopra.Selenium.SeleniumTest@7a8c8dcf]" started-at="2023-10-30T10:32:39 CET" name="setUp" finished-at="2023-10-30T10:32:47 CET" duration-ms="7646" status="PASS">
          <reporter-output>
          </reporter-output>
        </test-method> <!-- setUp -->
        <test-method signature="test1()[pri:0, instance:com.sopra.Selenium.SeleniumTest@7a8c8dcf]" started-at="2023-10-30T10:32:47 CET" name="test1" finished-at="2023-10-30T10:33:04 CET" duration-ms="16470" status="PASS">
          <reporter-output>
          </reporter-output>
        </test-method> <!-- test1 -->
        <test-method is-config="true" signature="tearDown()[pri:0, instance:com.sopra.Selenium.SeleniumTest@7a8c8dcf]" started-at="2023-10-30T10:33:04 CET" name="tearDown" finished-at="2023-10-30T10:33:04 CET" duration-ms="206" status="PASS">
          <reporter-output>
          </reporter-output>
        </test-method> <!-- tearDown -->
      </class> <!-- com.sopra.Selenium.SeleniumTest -->
    </test> <!-- Surefire test -->
  </suite> <!-- Surefire suite -->
</testng-results>
